<?xml version="1.0" encoding="UTF-8"?>
<!-- Generated by org.testng.reporters.JUnitXMLReporter -->
<testsuite ignored="0" hostname="LAPTOP-D48UAL4I" failures="0" tests="3" name="Test" time="0.078" errors="0" timestamp="2025-05-09T17:56:24 IST">
  <testcase classname="firstPackage.Firstclass" name="firstTest" time="0.012"/>
  <testcase classname="firstPackage.Firstclass" name="secondTest" time="0.003"/>
  <testcase classname="firstPackage.Secondclass" name="test1" time="0.002"/>
</testsuite> <!-- Test -->
