<?xml version="1.0" encoding="UTF-8"?>
<!-- Generated by org.testng.reporters.JUnitXMLReporter -->
<testsuite ignored="4" hostname="LAPTOP-D48UAL4I" failures="0" tests="1" name="Car Loan" time="0.068" errors="0" timestamp="2025-05-10T20:04:51 IST">
  <testcase classname="firstPackage.Carloan" name="webLoginCarLoan" time="0.01"/>
  <testcase classname="firstPackage.Carloan" name="mobileSigninCarLoan" time="0.0">
    <ignored/>
  </testcase> <!-- mobileSigninCarLoan -->
  <testcase classname="firstPackage.Carloan" name="mobileLoginCarLoan" time="0.0">
    <ignored/>
  </testcase> <!-- mobileLoginCarLoan -->
  <testcase classname="firstPackage.Carloan" name="ApiLoginCarLoan" time="0.0">
    <ignored/>
  </testcase> <!-- ApiLoginCarLoan -->
  <testcase classname="firstPackage.Carloan" name="mobileSignoutCarLoan" time="0.0">
    <ignored/>
  </testcase> <!-- mobileSignoutCarLoan -->
</testsuite> <!-- Car Loan -->
