<?xml version="1.0" encoding="UTF-8"?>
<!-- Generated by org.testng.reporters.JUnitXMLReporter -->
<testsuite ignored="7" hostname="LAPTOP-D48UAL4I" failures="0" tests="4" name="Regression" time="0.108" errors="0" timestamp="2025-05-09T20:40:35 IST">
  <testcase classname="firstPackage.Firstclass" name="firstTest" time="0.011"/>
  <testcase classname="firstPackage.Secondclass" name="test1" time="0.001"/>
  <testcase classname="firstPackage.Carloan" name="mobileLoginCarLoan" time="0.002"/>
  <testcase classname="firstPackage.HomeLoan" name="ApiLoginHomeLoan" time="0.002"/>
  <testcase classname="firstPackage.HomeLoan" name="webLoginHomeLoan" time="0.0">
    <ignored/>
  </testcase> <!-- webLoginHomeLoan -->
  <testcase classname="firstPackage.Carloan" name="webLoginCarLoan" time="0.0">
    <ignored/>
  </testcase> <!-- webLoginCarLoan -->
  <testcase classname="firstPackage.Carloan" name="mobileSigninCarLoan" time="0.0">
    <ignored/>
  </testcase> <!-- mobileSigninCarLoan -->
  <testcase classname="firstPackage.Firstclass" name="secondTest" time="0.0">
    <ignored/>
  </testcase> <!-- secondTest -->
  <testcase classname="firstPackage.Carloan" name="mobileSignoutCarLoan" time="0.0">
    <ignored/>
  </testcase> <!-- mobileSignoutCarLoan -->
  <testcase classname="firstPackage.Carloan" name="ApiLoginCarLoan" time="0.0">
    <ignored/>
  </testcase> <!-- ApiLoginCarLoan -->
  <testcase classname="firstPackage.HomeLoan" name="mobileLoginHomeLoan" time="0.0">
    <ignored/>
  </testcase> <!-- mobileLoginHomeLoan -->
</testsuite> <!-- Regression -->
